<?xml version="1.0" encoding="UTF-8"?>
<!-- Generated by org.testng.reporters.JUnitReportReporter -->
<testsuite hostname="ASUS" name="pkgData.SelectDropDown" tests="12" failures="0" timestamp="9 Apr 2016 18:07:09 GMT" time="258.101" errors="1">
  <testcase name="CreateFaceBookAccount" time="16.949" classname="pkgData.SelectDropDown"/>
  <testcase name="CreateFaceBookAccount" time="20.254" classname="pkgData.SelectDropDown"/>
  <testcase name="CreateFaceBookAccount" time="24.804" classname="pkgData.SelectDropDown"/>
  <testcase name="CreateFaceBookAccount" time="21.149" classname="pkgData.SelectDropDown"/>
  <testcase name="CreateFaceBookAccount" time="19.998" classname="pkgData.SelectDropDown"/>
  <testcase name="CreateFaceBookAccount" time="31.837" classname="pkgData.SelectDropDown"/>
  <testcase name="CreateFaceBookAccount" time="16.690" classname="pkgData.SelectDropDown"/>
  <testcase name="CreateFaceBookAccount" time="23.745" classname="pkgData.SelectDropDown"/>
  <testcase name="CreateFaceBookAccount" time="25.309" classname="pkgData.SelectDropDown">
    <error type="org.openqa.selenium.NoSuchElementException" message="Cannot locate element with text: Jn
For documentation on this error, please visit: http://seleniumhq.org/exceptions/no_such_element.html
Build info: version: &#039;2.48.2&#039;, revision: &#039;41bccdd&#039;, time: &#039;2015-10-09 19:59:12&#039;
System info: host: &#039;ASUS&#039;, ip: &#039;192.168.137.1&#039;, os.name: &#039;Windows 10&#039;, os.arch: &#039;amd64&#039;, os.version: &#039;10.0&#039;, java.version: &#039;1.8.0_73&#039;
Driver info: driver.version: unknown">
      <![CDATA[org.openqa.selenium.NoSuchElementException: Cannot locate element with text: Jn
For documentation on this error, please visit: http://seleniumhq.org/exceptions/no_such_element.html
Build info: version: '2.48.2', revision: '41bccdd', time: '2015-10-09 19:59:12'
System info: host: 'ASUS', ip: '192.168.137.1', os.name: 'Windows 10', os.arch: 'amd64', os.version: '10.0', java.version: '1.8.0_73'
Driver info: driver.version: unknown
	at org.openqa.selenium.support.ui.Select.selectByVisibleText(Select.java:150)
	at pkgData.SelectDropDown.CreateFaceBookAccount(SelectDropDown.java:47)
	at sun.reflect.NativeMethodAccessorImpl.invoke0(Native Method)
	at sun.reflect.NativeMethodAccessorImpl.invoke(Unknown Source)
	at sun.reflect.DelegatingMethodAccessorImpl.invoke(Unknown Source)
	at java.lang.reflect.Method.invoke(Unknown Source)
	at org.testng.internal.MethodInvocationHelper.invokeMethod(MethodInvocationHelper.java:85)
	at org.testng.internal.Invoker.invokeMethod(Invoker.java:639)
	at org.testng.internal.Invoker.invokeTestMethod(Invoker.java:821)
	at org.testng.internal.Invoker.invokeTestMethods(Invoker.java:1131)
	at org.testng.internal.TestMethodWorker.invokeTestMethods(TestMethodWorker.java:124)
	at org.testng.internal.TestMethodWorker.run(TestMethodWorker.java:108)
	at org.testng.TestRunner.privateRun(TestRunner.java:773)
	at org.testng.TestRunner.run(TestRunner.java:623)
	at org.testng.SuiteRunner.runTest(SuiteRunner.java:357)
	at org.testng.SuiteRunner.runSequentially(SuiteRunner.java:352)
	at org.testng.SuiteRunner.privateRun(SuiteRunner.java:310)
	at org.testng.SuiteRunner.run(SuiteRunner.java:259)
	at org.testng.SuiteRunnerWorker.runSuite(SuiteRunnerWorker.java:52)
	at org.testng.SuiteRunnerWorker.run(SuiteRunnerWorker.java:86)
	at org.testng.TestNG.runSuitesSequentially(TestNG.java:1185)
	at org.testng.TestNG.runSuitesLocally(TestNG.java:1110)
	at org.testng.TestNG.run(TestNG.java:1018)
	at org.testng.remote.RemoteTestNG.run(RemoteTestNG.java:115)
	at org.testng.remote.RemoteTestNG.initAndRun(RemoteTestNG.java:207)
	at org.testng.remote.RemoteTestNG.main(RemoteTestNG.java:178)
]]>
    </error>
  </testcase> <!-- CreateFaceBookAccount -->
  <testcase name="CreateFaceBookAccount" time="16.552" classname="pkgData.SelectDropDown"/>
  <testcase name="CreateFaceBookAccount" time="20.203" classname="pkgData.SelectDropDown"/>
  <testcase name="CreateFaceBookAccount" time="20.611" classname="pkgData.SelectDropDown"/>
</testsuite> <!-- pkgData.SelectDropDown -->
